This is XeTeX, Version 3.1415926-2.2-0.9995.2 (TeX Live 2009/Debian) (format=xelatex 2014.3.12)  24 MAR 2014 13:53
entering extended mode
 %&-line parsing enabled.
**lsp-guidelines.tex
(./lsp-guidelines.tex
LaTeX2e <2009/09/24>
Babel <v3.8l> and hyphenation patterns for english, usenglishmax, dumylang, noh
yphenation, ngerman, german, german-x-2009-06-19, ngerman-x-2009-06-19, loaded.

(./LSP/langsci.cls
Document Class: LSP/langsci 2014/03/03 Language Science Press
(/usr/share/texmf-texlive/tex/latex/tools/xspace.sty
Package: xspace 2006/05/08 v1.12 Space after command names (DPC,MH)
)
(/usr/share/texmf-texlive/tex/latex/oberdiek/kvoptions.sty
Package: kvoptions 2009/08/13 v3.4 Keyval support for LaTeX options (HO)

(/usr/share/texmf-texlive/tex/latex/graphics/keyval.sty
Package: keyval 1999/03/16 v1.13 key=value parser (DPC)
\KV@toks@=\toks14
)
(/usr/share/texmf-texlive/tex/generic/oberdiek/kvsetkeys.sty
Package: kvsetkeys 2009/07/30 v1.5 Key value parser with default handler suppor
t (HO)

(/usr/share/texmf-texlive/tex/generic/oberdiek/infwarerr.sty
Package: infwarerr 2007/09/09 v1.2 Providing info/warning/message (HO)
)
(/usr/share/texmf-texlive/tex/generic/oberdiek/etexcmds.sty
Package: etexcmds 2007/12/12 v1.2 Prefix for e-TeX command names (HO)
Package etexcmds Info: Could not find \expanded.
(etexcmds)             That can mean that you are not using pdfTeX 1.50 or
(etexcmds)             that some package has redefined \expanded.
(etexcmds)             In the latter case, load this package earlier.
)))
(/usr/share/texmf-texlive/tex/latex/koma-script/scrbook.cls
Document Class: scrbook 2009/07/24 v3.04a KOMA-Script document class (book)
(/usr/share/texmf-texlive/tex/latex/koma-script/scrkbase.sty
Package: scrkbase 2009/07/24 v3.04a KOMA-Script package (KOMA-Script-dependent 
basics and keyval usage)

(/usr/share/texmf-texlive/tex/latex/koma-script/scrbase.sty
Package: scrbase 2009/07/24 v3.04a KOMA-Script package (KOMA-Script-independent
 basics and keyval usage)

(/usr/share/texmf-texlive/tex/latex/koma-script/scrlfile.sty
Package: scrlfile 2009/03/25 v3.03 KOMA-Script package (loading files)

Package scrlfile, 2009/03/25 v3.03 KOMA-Script package (loading files)
                  Copyright (C) Markus Kohm

))) (/usr/share/texmf-texlive/tex/latex/koma-script/tocbasic.sty
Package: tocbasic 2009/06/08 v3.03b KOMA-Script package (handling toc-files)
)
Package tocbasic Info: omitting babel extension for `toc'
(tocbasic)             because of feature `nobabel' available
(tocbasic)             for `toc' on input line 117.
Package tocbasic Info: omitting babel extension for `lof'
(tocbasic)             because of feature `nobabel' available
(tocbasic)             for `lof' on input line 118.
Package tocbasic Info: omitting babel extension for `lot'
(tocbasic)             because of feature `nobabel' available
(tocbasic)             for `lot' on input line 119.
Class scrbook Info: File `scrsize11pt.clo' used to setup font sizes on input li
ne 1272.

(/usr/share/texmf-texlive/tex/latex/koma-script/scrsize11pt.clo
File: scrsize11pt.clo 2009/07/24 v3.04a KOMA-Script font size class option (11p
t)
)
(/usr/share/texmf-texlive/tex/latex/koma-script/typearea.sty
Package: typearea 2009/07/24 v3.04a KOMA-Script package (type area)

Package typearea, 2009/07/24 v3.04a KOMA-Script package (type area)
                  Copyright (C) Frank Neukam, 1992-1994
                  Copyright (C) Markus Kohm, 1994-

\ta@bcor=\skip41
\ta@div=\count80
\ta@hblk=\skip42
\ta@vblk=\skip43
\ta@temp=\skip44
Package typearea Info: These are the values describing the layout:
(typearea)             DIV  = 10
(typearea)             BCOR = 0.0pt
(typearea)             \paperwidth      = 597.50793pt
(typearea)              \textwidth      = 418.25555pt
(typearea)              DIV departure   = -6%
(typearea)              \evensidemargin = 47.2316pt
(typearea)              \oddsidemargin  = -12.5192pt
(typearea)             \paperheight     = 845.04694pt
(typearea)              \textheight     = 595.80026pt
(typearea)              \topmargin      = -25.16531pt
(typearea)              \headheight     = 17.0pt
(typearea)              \headsep        = 20.40001pt
(typearea)              \topskip        = 11.0pt
(typearea)              \footskip       = 47.60002pt
(typearea)              \baselineskip   = 13.6pt
(typearea)              on input line 1115.
)
\c@part=\count81
\c@chapter=\count82
\c@section=\count83
\c@subsection=\count84
\c@subsubsection=\count85
\c@paragraph=\count86
\c@subparagraph=\count87
\abovecaptionskip=\skip45
\belowcaptionskip=\skip46
\c@pti@nb@sid@b@x=\box26
\c@figure=\count88
\c@table=\count89
\bibindent=\dimen102
) (/usr/share/texmf-texlive/tex/latex/etex-pkg/etex.sty
Package: etex 1998/03/26 v2.0 eTeX basic definition package (PEB)
\et@xins=\count90
)
(/usr/share/texmf-texlive/tex/latex/geometry/geometry.sty
Package: geometry 2008/12/21 v4.2 Page Geometry

(/usr/share/texmf-texlive/tex/generic/oberdiek/ifpdf.sty
Package: ifpdf 2009/04/10 v2.0 Provides the ifpdf switch (HO)
Package ifpdf Info: pdfTeX in pdf mode not detected.
)
(/usr/share/texmf-texlive/tex/generic/oberdiek/ifvtex.sty
Package: ifvtex 2008/11/04 v1.4 Switches for detecting VTeX and its modes (HO)
Package ifvtex Info: VTeX not detected.
)
\Gm@cnth=\count91
\Gm@cntv=\count92
\c@Gm@tempcnt=\count93
\Gm@bindingoffset=\dimen103
\Gm@wd@mp=\dimen104
\Gm@odd@mp=\dimen105
\Gm@even@mp=\dimen106
\Gm@dimlist=\toks15

(/usr/share/texmf-texlive/tex/xelatex/xetexconfig/geometry.cfg))
(/usr/share/texmf-texlive/tex/latex/textpos/textpos.sty
Package: textpos 2009/05/28 v1.7f

Package: `textpos' 1.7f <2009 May 28>
(/usr/share/texmf-texlive/tex/latex/ms/everyshi.sty
Package: everyshi 2001/05/15 v3.00 EveryShipout Package (MS)
)
\TP@textbox=\box27
\TP@holdbox=\box28
\TPHorizModule=\dimen107
\TPVertModule=\dimen108
\TP@margin=\dimen109
\TP@absmargin=\dimen110

Grid set 16 x 16 = 30.23105pt x 42.67912pt
\TPboxrulesize=\dimen111
\TP@ox=\dimen112
\TP@oy=\dimen113
\TP@tbargs=\toks16
\TP@prevdepth=\dimen114
TextBlockOrigin set to 0pt x 0pt
)
TextBlockOrigin set to 0mm x 0mm
(/usr/share/texmf-texlive/tex/latex/pbox/pbox.sty
Package: pbox 2003/04/06 v1.0 Dynamic parboxes

(/usr/share/texmf-texlive/tex/latex/tools/calc.sty
Package: calc 2007/08/22 v4.3 Infix arithmetic (KKT,FJ)
\calc@Acount=\count94
\calc@Bcount=\count95
\calc@Adimen=\dimen115
\calc@Bdimen=\dimen116
\calc@Askip=\skip47
\calc@Bskip=\skip48
LaTeX Info: Redefining \setlength on input line 76.
LaTeX Info: Redefining \addtolength on input line 77.
\calc@Ccount=\count96
\calc@Cskip=\skip49
)
(/usr/share/texmf-texlive/tex/latex/base/ifthen.sty
Package: ifthen 2001/05/26 v1.1c Standard LaTeX ifthen package (DPC)
)
\pb@xlen=\skip50
)
(/usr/share/texmf-texlive/tex/generic/ifxetex/ifxetex.sty
Package: ifxetex 2009/01/23 v0.5 Provides ifxetex conditional
)
(/usr/share/texmf-texlive/tex/latex/amsfonts/amssymb.sty
Package: amssymb 2009/06/22 v3.00

(/usr/share/texmf-texlive/tex/latex/amsfonts/amsfonts.sty
Package: amsfonts 2009/06/22 v3.00 Basic AMSFonts support
\@emptytoks=\toks17
\symAMSa=\mathgroup4
\symAMSb=\mathgroup5
LaTeX Font Info:    Overwriting math alphabet `\mathfrak' in version `bold'
(Font)                  U/euf/m/n --> U/euf/b/n on input line 96.
))
(/usr/share/texmf-texlive/tex/xelatex/fontspec/fontspec.sty
Package: fontspec 2008/08/09 v1.18 Advanced font selection for XeLaTeX
\c@zf@newff=\count97
\c@zf@index=\count98
\c@zf@script=\count99
\c@zf@language=\count100

(/usr/share/texmf-texlive/tex/latex/xkeyval/xkeyval.sty
Package: xkeyval 2008/08/13 v2.6a package option processing (HA)

(/usr/share/texmf-texlive/tex/generic/xkeyval/xkeyval.tex
\XKV@toks=\toks18
\XKV@tempa@toks=\toks19
\XKV@depth=\count101
File: xkeyval.tex 2008/08/13 v2.6a key=value parser (HA)
))
(/usr/share/texmf-texlive/tex/latex/base/fontenc.sty
Package: fontenc 2005/09/27 v1.99g Standard LaTeX package

(/usr/share/texmf-texlive/tex/xelatex/euenc/eu1enc.def
File: eu1enc.def 2008/03/08 v0.1d Experimental unicode font encoding
)
LaTeX Font Info:    Try loading font information for EU1+lmr on input line 100.


(/usr/share/texmf-texlive/tex/xelatex/euenc/eu1lmr.fd
File: eu1lmr.fd 2007/01/14 v1.3 Font defs for Latin Modern
))
LaTeX Info: Redefining \itshape on input line 1163.
LaTeX Info: Redefining \slshape on input line 1166.
LaTeX Info: Redefining \scshape on input line 1169.
LaTeX Info: Redefining \upshape on input line 1172.

fontspec.cfg loaded.
(/usr/share/texmf-texlive/tex/xelatex/fontspec/fontspec.cfg))
(/usr/share/texmf-texlive/tex/latex/microtype/microtype.sty
Package: microtype 2009/03/27 v2.3d Micro-typography with pdfTeX (RS)


Package microtype Warning: You don't seem to be using pdftex.
(microtype)                `microtype' only works with pdftex.
(microtype)                Try running `pdflatex' instead of `xelatex'.

) (/usr/share/texmf-texlive/tex/latex/graphics/graphicx.sty
Package: graphicx 1999/02/16 v1.0f Enhanced LaTeX Graphics (DPC,SPQR)

(/usr/share/texmf-texlive/tex/latex/graphics/graphics.sty
Package: graphics 2009/02/05 v1.0o Standard LaTeX Graphics (DPC,SPQR)

(/usr/share/texmf-texlive/tex/latex/graphics/trig.sty
Package: trig 1999/03/16 v1.09 sin cos tan (DPC)
)
(/etc/texmf/tex/latex/config/graphics.cfg
File: graphics.cfg 2009/08/28 v1.8 graphics configuration of TeX Live
)
Package graphics Info: Driver file: xetex.def on input line 91.

(/usr/share/texmf-texlive/tex/xelatex/xetex-def/xetex.def
File: xetex.def 2009/11/22 v0.94 LaTeX color/graphics driver for XeTeX (RRM/JK)

))
\Gin@req@height=\dimen117
\Gin@req@width=\dimen118
)
Class scrbook Info: You've told me to redefine the font selection of the
(scrbook)           element `sectioning' that is an alias of element
(scrbook)           `disposition' on input line 179.

(/usr/share/texmf/tex/latex/xcolor/xcolor.sty
Package: xcolor 2007/01/21 v2.11 LaTeX color extensions (UK)

(/etc/texmf/tex/latex/config/color.cfg
File: color.cfg 2007/01/18 v1.5 color configuration of teTeX/TeXLive
)
Package xcolor Info: Driver file: xetex.def on input line 225.
LaTeX Info: Redefining \color on input line 702.
Package xcolor Info: Model `cmy' substituted by `cmy0' on input line 1337.
Package xcolor Info: Model `RGB' extended on input line 1353.
Package xcolor Info: Model `HTML' substituted by `rgb' on input line 1355.
Package xcolor Info: Model `Hsb' substituted by `hsb' on input line 1356.
Package xcolor Info: Model `tHsb' substituted by `hsb' on input line 1357.
Package xcolor Info: Model `HSB' substituted by `hsb' on input line 1358.
Package xcolor Info: Model `Gray' substituted by `gray' on input line 1359.
Package xcolor Info: Model `wave' substituted by `hsb' on input line 1360.
)
(/usr/share/texmf-texlive/tex/latex/datetime/datetime.sty
Package: datetime 2007/08/20 v2.55 Date Time Package

(/usr/share/texmf-texlive/tex/latex/fmtcount/fmtcount.sty
Package: fmtcount 2009/10/02 v1.31

(/usr/share/texmf-texlive/tex/latex/amsmath/amsgen.sty
File: amsgen.sty 1999/11/30 v2.0
\@emptytoks=\toks20
\ex@=\dimen119
)
\c@padzeroesN=\count102

(/usr/share/texmf-texlive/tex/latex/fmtcount/fc-english.def
File: fc-english 2007/05/26
)
(/usr/share/texmf-texlive/tex/latex/fmtcount/fc-USenglish.def
File: fc-USenglish 2007/06/14
)
(/usr/share/texmf-texlive/tex/latex/fmtcount/fc-german.def
File: fc-german.def 2007/06/14
)
No configuration file fmtcount.cfg found.
\@DT@modctr=\count103
\@ordinalctr=\count104
\@orgargctr=\count105
\@strctr=\count106
\@tmpstrctr=\count107
\@DT@loopN=\count108
\@DT@X=\count109
)
\@day=\count110
\@month=\count111
\@year=\count112
Package datetime Info: No datetime.cfg file found, using default settings on in
put line 167.
\@dtctr=\count113
\dayofyear=\count114
\dayofweek=\count115
LaTeX Info: Redefining \today on input line 428.
\c@HOUR=\count116
\c@HOURXII=\count117
\c@MINUTE=\count118
\c@TOHOUR=\count119
\c@TOMINUTE=\count120
\dt@a=\toks21
\dt@b=\toks22
) (/usr/share/texmf-texlive/tex/latex/koma-script/scrpage2.sty
Package: scrpage2 2008/12/08 v2.3 LaTeX2e KOMA-Script package
LaTeX Info: Redefining \pagemark on input line 176.
)
(/usr/share/texmf-texlive/tex/latex/natbib/natbib.sty
Package: natbib 2009/07/16 8.31 (PWD, AO)
\bibhang=\skip51
\bibsep=\skip52
LaTeX Info: Redefining \cite on input line 694.
\c@NAT@ctr=\count121
)
(/usr/share/texmf-texlive/tex/latex/index/index.sty
Package: index 2004/01/20 v4.2beta Improved index support (dmj)
\@indexbox=\insert233
\indexproofstyle=\toks23
)
\idxtitle@default=\toks24
\tf@default=\write3
\openout3 = `lsp-guidelines.idx'.

Package index Info: Writing index file lsp-guidelines.idx on input line 384.
\idxtitle@lan=\toks25
\tf@lan=\write4
\openout4 = `lsp-guidelines.ldx'.

Package index Info: Writing index file lsp-guidelines.ldx on input line 385.
\idxtitle@aut=\toks26
\tf@aut=\write5
\openout5 = `lsp-guidelines.adx'.

Package index Info: Writing index file lsp-guidelines.adx on input line 386.
\openout3 = `lsp-guidelines.idx'.

Package index Info: Writing index file lsp-guidelines.idx on input line 387.
\idxtitle@wrd=\toks27
\tf@wrd=\write6
\openout6 = `lsp-guidelines.wdx'.

Package index Info: Writing index file lsp-guidelines.wdx on input line 388.
\idxtitle@rwrd=\toks28
\tf@rwrd=\write7
\openout7 = `lsp-guidelines.rdx'.

Package index Info: Writing index file lsp-guidelines.rdx on input line 389.

(/usr/share/texmf-texlive/tex/latex/ltxmisc/url.sty
\Urlmuskip=\muskip10
Package: url 2006/04/12  ver 3.3  Verb mode for urls, etc.
)
(/usr/share/texmf-texlive/tex/latex/hyperref/hyperref.sty
Package: hyperref 2009/10/09 v6.79a Hypertext links for LaTeX

(/usr/share/texmf-texlive/tex/latex/oberdiek/hycolor.sty
Package: hycolor 2009/10/02 v1.5 Code for color options of hyperref/bookmark (H
O)

(/usr/share/texmf-texlive/tex/latex/oberdiek/xcolor-patch.sty
Package: xcolor-patch 2009/10/02 xcolor patch
))
\@linkdim=\dimen120
\Hy@linkcounter=\count122
\Hy@pagecounter=\count123

(/usr/share/texmf-texlive/tex/latex/hyperref/pd1enc.def
File: pd1enc.def 2009/10/09 v6.79a Hyperref: PDFDocEncoding definition (HO)
)
(/usr/share/texmf-texlive/tex/xelatex/xetexconfig/hyperref.cfg
File: hyperref.cfg 2008/07/11 v1.2 hyperref configuration for XeLaTeX
)
Package hyperref Info: Option `bookmarks' set `true' on input line 2864.
Package hyperref Info: Option `bookmarksopen' set `true' on input line 2864.
Package hyperref Info: Option `hyperindex' set `true' on input line 2864.
Package hyperref Info: Option `breaklinks' set `true' on input line 2864.
Package hyperref Info: Option `draft' set `false' on input line 2864.
Package hyperref Info: Option `plainpages' set `false' on input line 2864.
Package hyperref Info: Option `pdfusetitle' set `true' on input line 2864.
Package hyperref Info: Hyper figures OFF on input line 2975.
Package hyperref Info: Link nesting OFF on input line 2980.
Package hyperref Info: Hyper index ON on input line 2983.
Package hyperref Info: Plain pages OFF on input line 2990.
Package hyperref Info: Backreferencing OFF on input line 2995.

Implicit mode ON; LaTeX internals redefined
Package hyperref Info: Bookmarks ON on input line 3191.
LaTeX Info: Redefining \url on input line 3428.
(/usr/share/texmf-texlive/tex/generic/oberdiek/bitset.sty
Package: bitset 2007/09/28 v1.0 Data type bit set (HO)

(/usr/share/texmf-texlive/tex/generic/oberdiek/intcalc.sty
Package: intcalc 2007/09/27 v1.1 Expandable integer calculations (HO)
)
(/usr/share/texmf-texlive/tex/generic/oberdiek/bigintcalc.sty
Package: bigintcalc 2007/11/11 v1.1 Expandable big integer calculations (HO)

(/usr/share/texmf-texlive/tex/generic/oberdiek/pdftexcmds.sty
Package: pdftexcmds 2009/09/23 v0.6 LuaTeX support for pdfTeX utility functions
 (HO)

(/usr/share/texmf-texlive/tex/generic/oberdiek/ifluatex.sty
Package: ifluatex 2009/04/17 v1.2 Provides the ifluatex switch (HO)
Package ifluatex Info: LuaTeX not detected.
)
(/usr/share/texmf-texlive/tex/generic/oberdiek/ltxcmds.sty
Package: ltxcmds 2009/08/05 v1.0 Some LaTeX kernel commands for general use (HO
)
)
Package pdftexcmds Info: LuaTeX not detected.
Package pdftexcmds Info: pdfTeX >= 1.30 not detected.
Package pdftexcmds Info: \pdf@primitive is available.
Package pdftexcmds Info: \pdf@ifprimitive is available.
)))
\Fld@menulength=\count124
\Field@Width=\dimen121
\Fld@charsize=\dimen122
\Field@toks=\toks29
Package hyperref Info: Hyper figures OFF on input line 4377.
Package hyperref Info: Link nesting OFF on input line 4382.
Package hyperref Info: Hyper index ON on input line 4385.
Package hyperref Info: backreferencing OFF on input line 4392.
Package hyperref Info: Link coloring OFF on input line 4397.
Package hyperref Info: Link coloring with OCG OFF on input line 4402.
Package hyperref Info: PDF/A mode OFF on input line 4407.

(/usr/share/texmf-texlive/tex/generic/oberdiek/atbegshi.sty
Package: atbegshi 2008/07/31 v1.9 At begin shipout hook (HO)
)
\Hy@abspage=\count125
\c@Item=\count126
\c@Hfootnote=\count127
)
*hyperref using default driver hdvipdfm*
(/usr/share/texmf-texlive/tex/latex/hyperref/hdvipdfm.def
File: hdvipdfm.def 2009/10/09 v6.79a Hyperref driver for dvipdfm
\pdfm@box=\box29
\c@Hy@AnnotLevel=\count128
\HyField@AnnotCount=\count129
\Fld@listcount=\count130
)

Class scrbook Warning: Change of `\@footnotemark' detected!
(scrbook)              Use of `footnotes=multiple' may break
(scrbook)              another package!
(scrbook)              Maybe you should remove the usage of
(scrbook)              option `footnotes=multiple' on input line 797.

(/usr/share/texmf-texlive/tex/latex/rotating/rotating.sty
Package: rotating 2009/03/28 v2.16a rotated objects in LaTeX
\c@r@tfl@t=\count131
\rotFPtop=\skip53
\rotFPbot=\skip54
\rot@float@box=\box30
\rot@mess@toks=\toks30
)
Package hyperref Info: Option `unicode' set `true' on input line 866.

(/usr/share/texmf-texlive/tex/latex/hyperref/puenc.def
File: puenc.def 2009/10/09 v6.79a Hyperref: PDF Unicode definition (HO)
)
Package hyperref Info: Option `unicode' set `true' on input line 866.

(/usr/share/texmf-texlive/tex/generic/oberdiek/stringenc.sty
Package: stringenc 2008/10/27 v1.6 Converts strings between encodings (HO)

(/usr/share/texmf-texlive/tex/generic/oberdiek/pdfescape.sty
Package: pdfescape 2007/11/11 v1.8 Provides hex, PDF name and string conversion
s (HO)
))
(/usr/share/texmf-texlive/tex/latex/authorindex/authorindex.sty
Package: authorindex 2005/03/22 make index of authors cited in a work
)
\c@lsptempcnt=\count132

(/usr/share/texmf-texlive/tex/latex/tools/varioref.sty
Package: varioref 2009/09/13 v1.4w package for extended references (FMi)
\c@vrcnt=\count133
)
\LSPTmp=\skip55
)
Package hyperref Info: Option `pdfdisplaydoctitle' set `true' on input line 13.


(/usr/share/texmf-texlive/tex/latex/dtk/dtklogos.sty
Package: dtklogos 2007/08/28 1.10 gene
Invalid UTF-8 byte or sequence at line 246 replaced by U+FFFD.
Invalid UTF-8 byte or sequence at line 270 replaced by U+FFFD.
) (./lsp-makros.sty
(/usr/share/texmf-texlive/tex/latex/fancyvrb/fancyvrb.sty
Package: fancyvrb 2008/02/07

Style option: `fancyvrb' v2.7a, with DG/SPQR fixes, and firstline=lastline fix 
<2008/02/07> (tvz)
\FV@CodeLineNo=\count134
\FV@InFile=\read1
\FV@TabBox=\box31
\c@FancyVerbLine=\count135
\FV@StepNumber=\count136
\FV@OutFile=\write8
)) (/usr/share/texmf-texlive/tex/generic/german/german.sty
v2.5e 1998-07-08
Package: german 1998/07/08 v2.5e Support for writing german texts (br)
\grmnU@D=\dimen123
german -- \language number for Austrian undefined, default 5 used.
german -- \language number for French undefined, default 255 used.
) (/usr/share/texmf-texlive/tex/latex/psnfss/pifont.sty
Package: pifont 2005/04/12 PSNFSS-v9.2a Pi font support (SPQR) 
LaTeX Font Info:    Try loading font information for U+pzd on input line 63.

(/usr/share/texmf-texlive/tex/latex/psnfss/upzd.fd
File: upzd.fd 2001/06/04 font definitions for U/pzd.
)
LaTeX Font Info:    Try loading font information for U+psy on input line 64.

(/usr/share/texmf-texlive/tex/latex/psnfss/upsy.fd
File: upsy.fd 2001/06/04 font definitions for U/psy.
))
(/usr/share/texmf-texlive/tex/latex/pstricks/pstricks.sty
Package: pstricks 2008/11/26 v0.40 LaTeX wrapper for `PSTricks' (RN,HV)

(/usr/share/texmf-texlive/tex/generic/pstricks/pstricks.tex
`PSTricks' v1.29  <2009/05/19> (tvz)
\pst@dima=\dimen124
\pst@dimb=\dimen125
\pst@dimc=\dimen126
\pst@dimd=\dimen127
\pst@dimg=\dimen128
\pst@dimh=\dimen129
\pst@hbox=\box32
\pst@boxg=\box33
\pst@cnta=\count137
\pst@cntb=\count138
\pst@cntc=\count139
\pst@cntd=\count140
\pst@cntg=\count141
\pst@cnth=\count142
\pst@toks=\toks31
(/usr/share/texmf-texlive/tex/xelatex/xetex-pstricks/pstricks.con
(/usr/share/texmf-texlive/tex/generic/pstricks/xdvipdfmx.con))
\psunit=\dimen130
\psxunit=\dimen131
\psyunit=\dimen132
\pslinewidth=\dimen133
\pst@customdefs=\toks32
\pslinearc=\dimen134
\everypsbox=\toks33
\psframesep=\dimen135
\pslabelsep=\dimen136
\pst@shift=\dimen137
\theoverlaybox=\box34

(/usr/share/texmf-texlive/tex/xelatex/xetex-pstricks/pstricks.con
(/usr/share/texmf-texlive/tex/generic/pstricks/xdvipdfmx.con
Using PSTricks configuration for XeTeX+xdvipdfmx
)))
File: pstricks.tex 2009/05/19 v1.29 `PSTricks' (tvz,hv)
) (./colortab.sty (/usr/share/texmf-texlive/tex/latex/fancybox/fancybox.sty
Package: fancybox 2000/09/19 1.3

Style option: `fancybox' v1.3 <2000/09/19> (tvz)
\@fancybox=\box35
\shadowsize=\dimen138
\@Sbox=\box36
\do@VerbBox=\toks34
\the@fancyput=\toks35
\this@fancyput=\toks36
\EndVerbatimTokens=\toks37
\Verbatim@Outfile=\write9
\Verbatim@Infile=\read2
)
Package: colortab 2010/05/13 package wrapper for colortab.tex (hv)
 (./colortab.tex   v1.0  10/05/13  <tvz>
\CT@cnt=\count143
\CT@dim=\dimen139
\CT@box=\box37
\CT@preamble=\toks38
\CT@LCnum=\count144
)
File: colortab.tex 10/05/13 v1.0 `colortab' (tvz)
) (./drs.sty
Package: drs 2010/06/10 typeset Discourse Representation Structures v. 1.1b
\@drslevel=\count145
\@drsbox=\box38
)
(/usr/share/texmf-texlive/tex/latex/tools/tabularx.sty
Package: tabularx 1999/01/07 v2.07 `tabularx' package (DPC)

(/usr/share/texmf-texlive/tex/latex/tools/array.sty
Package: array 2008/09/09 v2.4c Tabular extension package (FMi)
\col@sep=\dimen140
\extrarowheight=\dimen141
\NC@list=\toks39
\extratabsurround=\skip56
\backup@length=\skip57
)
\TX@col@width=\dimen142
\TX@old@table=\dimen143
\TX@old@col=\dimen144
\TX@target=\dimen145
\TX@delta=\dimen146
\TX@cols=\count146
\TX@ftn=\toks40
) (./avm.sty
\avmdimen=\dimen147
\avmboxone=\box39
\avmboxthree=\box40
)
(./tikz-qtree.sty (/usr/share/texmf/tex/latex/pgf/frontendlayer/tikz.sty
(/usr/share/texmf/tex/latex/pgf/basiclayer/pgf.sty
(/usr/share/texmf/tex/latex/pgf/utilities/pgfrcs.sty
(/usr/share/texmf/tex/generic/pgf/utilities/pgfutil-common.tex
\pgfutil@everybye=\toks41
)
(/usr/share/texmf/tex/generic/pgf/utilities/pgfutil-latex.def)
(/usr/share/texmf/tex/generic/pgf/utilities/pgfrcs.code.tex
Package: pgfrcs 2008/02/20 v2.00 (rcs-revision 1.21)
))
Package: pgf 2008/01/15 v2.00 (rcs-revision 1.12)

(/usr/share/texmf/tex/latex/pgf/basiclayer/pgfcore.sty
(/usr/share/texmf/tex/latex/pgf/systemlayer/pgfsys.sty
(/usr/share/texmf/tex/generic/pgf/systemlayer/pgfsys.code.tex
Package: pgfsys 2008/02/07 v2.00 (rcs-revision 1.31)

(/usr/share/texmf/tex/generic/pgf/utilities/pgfkeys.code.tex
\pgfkeys@pathtoks=\toks42
\pgfkeys@temptoks=\toks43
)
\pgf@x=\dimen148
\pgf@y=\dimen149
\pgf@xa=\dimen150
\pgf@ya=\dimen151
\pgf@xb=\dimen152
\pgf@yb=\dimen153
\pgf@xc=\dimen154
\pgf@yc=\dimen155
\c@pgf@counta=\count147
\c@pgf@countb=\count148
\c@pgf@countc=\count149
\c@pgf@countd=\count150

(/usr/share/texmf/tex/generic/pgf/systemlayer/pgf.cfg
File: pgf.cfg 2008/01/13  (rcs-revision 1.6)
)
Package pgfsys Info: Driver file for pgf: pgfsys-xetex.def on input line 885.

(/usr/share/texmf/tex/generic/pgf/systemlayer/pgfsys-xetex.def
File: pgfsys-xetex.def 2007/12/17  (rcs-revision 1.1)

(/usr/share/texmf/tex/generic/pgf/systemlayer/pgfsys-common-pdf.def
File: pgfsys-common-pdf.def 2007/12/17  (rcs-revision 1.8)
)
(/usr/share/texmf/tex/generic/pgf/systemlayer/pgfsys-common-pdf-via-dvi.def
File: pgfsys-common-pdf-via-dvi.def 2008/02/05  (rcs-revision 1.4)
)))
(/usr/share/texmf/tex/generic/pgf/systemlayer/pgfsyssoftpath.code.tex
File: pgfsyssoftpath.code.tex 2008/01/23  (rcs-revision 1.6)
\pgfsyssoftpath@smallbuffer@items=\count151
\pgfsyssoftpath@bigbuffer@items=\count152
)
(/usr/share/texmf/tex/generic/pgf/systemlayer/pgfsysprotocol.code.tex
File: pgfsysprotocol.code.tex 2006/10/16  (rcs-revision 1.4)
))
(/usr/share/texmf/tex/generic/pgf/basiclayer/pgfcore.code.tex
Package: pgfcore 2008/01/15 v2.00 (rcs-revision 1.6)

(/usr/share/texmf/tex/generic/pgf/math/pgfmath.code.tex
(/usr/share/texmf/tex/generic/pgf/math/pgfmathcalc.code.tex
(/usr/share/texmf/tex/generic/pgf/math/pgfmathutil.code.tex
\pgfmath@box=\box41
)
(/usr/share/texmf/tex/generic/pgf/math/pgfmathparser.code.tex
\pgfmath@stack=\toks44
\c@pgfmath@parsecounta=\count153
\c@pgfmath@parsecountb=\count154
\c@pgfmath@parsecountc=\count155
\pgfmath@parsex=\dimen156
)
(/usr/share/texmf/tex/generic/pgf/math/pgfmathoperations.code.tex
(/usr/share/texmf/tex/generic/pgf/math/pgfmathtrig.code.tex)
(/usr/share/texmf/tex/generic/pgf/math/pgfmathrnd.code.tex))
(/usr/share/texmf/tex/generic/pgf/math/pgfmathbase.code.tex)))
(/usr/share/texmf/tex/generic/pgf/basiclayer/pgfcorepoints.code.tex
File: pgfcorepoints.code.tex 2008/02/03  (rcs-revision 1.13)
\pgf@picminx=\dimen157
\pgf@picmaxx=\dimen158
\pgf@picminy=\dimen159
\pgf@picmaxy=\dimen160
\pgf@pathminx=\dimen161
\pgf@pathmaxx=\dimen162
\pgf@pathminy=\dimen163
\pgf@pathmaxy=\dimen164
\pgf@xx=\dimen165
\pgf@xy=\dimen166
\pgf@yx=\dimen167
\pgf@yy=\dimen168
\pgf@zx=\dimen169
\pgf@zy=\dimen170
)
(/usr/share/texmf/tex/generic/pgf/basiclayer/pgfcorepathconstruct.code.tex
File: pgfcorepathconstruct.code.tex 2008/02/13  (rcs-revision 1.14)
\pgf@path@lastx=\dimen171
\pgf@path@lasty=\dimen172
)
(/usr/share/texmf/tex/generic/pgf/basiclayer/pgfcorepathusage.code.tex
File: pgfcorepathusage.code.tex 2008/01/23  (rcs-revision 1.11)
\pgf@shorten@end@additional=\dimen173
\pgf@shorten@start@additional=\dimen174
)
(/usr/share/texmf/tex/generic/pgf/basiclayer/pgfcorescopes.code.tex
File: pgfcorescopes.code.tex 2008/01/15  (rcs-revision 1.26)
\pgfpic=\box42
\pgf@hbox=\box43
\pgf@layerbox@main=\box44
\pgf@picture@serial@count=\count156
)
(/usr/share/texmf/tex/generic/pgf/basiclayer/pgfcoregraphicstate.code.tex
File: pgfcoregraphicstate.code.tex 2007/12/12  (rcs-revision 1.8)
\pgflinewidth=\dimen175
)
(/usr/share/texmf/tex/generic/pgf/basiclayer/pgfcoretransformations.code.tex
File: pgfcoretransformations.code.tex 2008/02/04  (rcs-revision 1.10)
\pgf@pt@x=\dimen176
\pgf@pt@y=\dimen177
\pgf@pt@temp=\dimen178
)
(/usr/share/texmf/tex/generic/pgf/basiclayer/pgfcorequick.code.tex
File: pgfcorequick.code.tex 2006/10/11  (rcs-revision 1.2)
)
(/usr/share/texmf/tex/generic/pgf/basiclayer/pgfcoreobjects.code.tex
File: pgfcoreobjects.code.tex 2006/10/11  (rcs-revision 1.2)
)
(/usr/share/texmf/tex/generic/pgf/basiclayer/pgfcorepathprocessing.code.tex
File: pgfcorepathprocessing.code.tex 2008/01/23  (rcs-revision 1.7)
)
(/usr/share/texmf/tex/generic/pgf/basiclayer/pgfcorearrows.code.tex
File: pgfcorearrows.code.tex 2007/06/07  (rcs-revision 1.8)
)
(/usr/share/texmf/tex/generic/pgf/basiclayer/pgfcoreshade.code.tex
File: pgfcoreshade.code.tex 2007/12/10  (rcs-revision 1.9)
\pgf@max=\dimen179
\pgf@sys@shading@range@num=\count157
)
(/usr/share/texmf/tex/generic/pgf/basiclayer/pgfcoreimage.code.tex
File: pgfcoreimage.code.tex 2008/01/15  (rcs-revision 1.1)
\pgfexternal@startupbox=\box45
)
(/usr/share/texmf/tex/generic/pgf/basiclayer/pgfcorelayers.code.tex
File: pgfcorelayers.code.tex 2008/01/15  (rcs-revision 1.1)
)
(/usr/share/texmf/tex/generic/pgf/basiclayer/pgfcoretransparency.code.tex
File: pgfcoretransparency.code.tex 2008/01/17  (rcs-revision 1.2)
)
(/usr/share/texmf/tex/generic/pgf/basiclayer/pgfcorepatterns.code.tex
File: pgfcorepatterns.code.tex 2008/01/15  (rcs-revision 1.1)
)))
(/usr/share/texmf/tex/generic/pgf/modules/pgfmoduleshapes.code.tex
File: pgfmoduleshapes.code.tex 2008/02/13  (rcs-revision 1.4)
\pgfnodeparttextbox=\box46
\toks@savedmacro=\toks45
)
(/usr/share/texmf/tex/generic/pgf/modules/pgfmoduleplot.code.tex
File: pgfmoduleplot.code.tex 2008/01/15  (rcs-revision 1.1)
\pgf@plotwrite=\write10
)
(/usr/share/texmf/tex/latex/pgf/compatibility/pgfcomp-version-0-65.sty
Package: pgfcomp-version-0-65 2007/07/03 v2.00 (rcs-revision 1.7)
\pgf@nodesepstart=\dimen180
\pgf@nodesepend=\dimen181
)
(/usr/share/texmf/tex/latex/pgf/compatibility/pgfcomp-version-1-18.sty
Package: pgfcomp-version-1-18 2007/07/23 v2.00 (rcs-revision 1.1)
))
(/usr/share/texmf/tex/latex/pgf/utilities/pgffor.sty
(/usr/share/texmf/tex/generic/pgf/utilities/pgffor.code.tex
Package: pgffor 2007/11/07 v2.00 (rcs-revision 1.8)
\pgffor@iter=\dimen182
\pgffor@skip=\dimen183
))
(/usr/share/texmf/tex/generic/pgf/frontendlayer/tikz/tikz.code.tex
Package: tikz 2008/02/13 v2.00 (rcs-revision 1.27)

(/usr/share/texmf/tex/generic/pgf/libraries/pgflibraryplothandlers.code.tex
File: pgflibraryplothandlers.code.tex 2007/03/09 v2.00 (rcs-revision 1.9)
\pgf@plot@mark@count=\count158
\pgfplotmarksize=\dimen184
)
\tikz@lastx=\dimen185
\tikz@lasty=\dimen186
\tikz@lastxsaved=\dimen187
\tikz@lastysaved=\dimen188
\tikzleveldistance=\dimen189
\tikzsiblingdistance=\dimen190
\tikz@figbox=\box47
\tikz@tempbox=\box48
\tikztreelevel=\count159
\tikznumberofchildren=\count160
\tikznumberofcurrentchild=\count161
\tikz@fig@count=\count162

(/usr/share/texmf/tex/generic/pgf/modules/pgfmodulematrix.code.tex
File: pgfmodulematrix.code.tex 2008/01/15  (rcs-revision 1.1)
\pgfmatrixcurrentrow=\count163
\pgfmatrixcurrentcolumn=\count164
\pgf@matrix@numberofcolumns=\count165
)
\tikz@expandcount=\count166

(/usr/share/texmf/tex/generic/pgf/frontendlayer/tikz/libraries/tikzlibrarytopat
hs.code.tex
File: tikzlibrarytopaths.code.tex 2008/01/09 v2.00 (rcs-revision 1.1)
))) (./pgftree.sty (./pgfsubpic.sty (./pgfsubpic.tex
\pgf@subpicminx=\dimen191
\pgf@subpicminy=\dimen192
\pgf@subpicmaxx=\dimen193
\pgf@subpicmaxy=\dimen194
))
(./pgftree.tex
\levelsep=\dimen195
\subtreesep=\dimen196
\smuggle@levelsep=\dimen197
\smuggle@subtreesep=\dimen198
\this@levelsep=\dimen199
\this@subtreesep=\dimen200
\pgftree@childx=\dimen201
\pgftree@savechildx=\dimen202
\pgftree@childy=\dimen203
\pgftree@savechildy=\dimen204
\pgftree@childi=\count167
\pgftree@savechildi=\count168
\pgftree@level=\count169
\pgftree@depth=\dimen205
\pgf@subpic@hbox@children=\box49
\pgf@subpic@minx@children=\dimen206
\pgf@subpic@miny@children=\dimen207
\pgf@subpic@maxx@children=\dimen208
\pgf@subpic@maxy@children=\dimen209
\pgftree@lastchildx=\dimen210
\pgftree@lastchildy=\dimen211
)) (./tikz-qtree.tex
\@result=\toks46
\child@list=\toks47
\root@node=\toks48
)) (./jambox.sty
\jamwidth=\dimen212
)
(/usr/share/texmf-texlive/tex/latex/todonotes/todonotes.sty
Package: todonotes 2009/08/01 .dtx Todonotes source and documentation.
Package: todonotes 2009/04/02
\c@@todonotes@numberoftodonotes=\count170
)
(/usr/share/texmf-texlive/tex/xelatex/xecjk/xeCJK.sty
Package: xeCJK 2009/09/30 2.3.10

! Missing number, treated as zero.
<to be read again> 
                   \penalty 
l.112 \xeCJKsetcharclass{"2000}{"FFFF}{1}
                                         
? q
OK, entering \batchmode...
! Missing number, treated as zero.
<to be read again> 
                   \global 
l.112 \xeCJKsetcharclass{"2000}{"FFFF}{1}
                                         
A number should have been here; I inserted `0'.
(If you can't figure out why I needed to see a number,
look up `weird error' in the index to The TeXbook.)


! LaTeX Error: Missing \begin{document}.

See the LaTeX manual or LaTeX Companion for explanation.
Type  H <return>  for immediate help.
 ...                                              
                                                  
l.112 \xeCJKsetcharclass{"2000}{"FFFF}{1}
                                         
You're in trouble here.  Try typing  <return>  to proceed.
If that doesn't work, type  X <return>  to quit.

LaTeX Font Info:    Try loading font information for OT1+lmr on input line 112.

 (/usr/share/texmf/tex/latex/lm/ot1lmr.fd
File: ot1lmr.fd 2009/10/30 v1.6 Font defs for Latin Modern
)
! Missing number, treated as zero.
<to be read again> 
                   \unhbox 
l.112 \xeCJKsetcharclass{"2000}{"FFFF}{1}
                                         
A number should have been here; I inserted `0'.
(If you can't figure out why I needed to see a number,
look up `weird error' in the index to The TeXbook.)

! Missing number, treated as zero.
<to be read again> 
                   \unhbox 
l.112 \xeCJKsetcharclass{"2000}{"FFFF}{1}
                                         
A number should have been here; I inserted `0'.
(If you can't figure out why I needed to see a number,
look up `weird error' in the index to The TeXbook.)

! Missing number, treated as zero.
<to be read again> 
                   \unhbox 
l.112 \xeCJKsetcharclass{"2000}{"FFFF}{1}
                                         
A number should have been here; I inserted `0'.
(If you can't figure out why I needed to see a number,
look up `weird error' in the index to The TeXbook.)

! Missing number, treated as zero.
<to be read again> 
                   \unhbox 
l.112 \xeCJKsetcharclass{"2000}{"FFFF}{1}
                                         
A number should have been here; I inserted `0'.
(If you can't figure out why I needed to see a number,
look up `weird error' in the index to The TeXbook.)

! Missing number, treated as zero.
<to be read again> 
                   \penalty 
l.112 \xeCJKsetcharclass{"2000}{"FFFF}{1}
                                         
A number should have been here; I inserted `0'.
(If you can't figure out why I needed to see a number,
look up `weird error' in the index to The TeXbook.)

! Missing number, treated as zero.
<to be read again> 
                   \unhbox 
l.112 \xeCJKsetcharclass{"2000}{"FFFF}{1}
                                         
A number should have been here; I inserted `0'.
(If you can't figure out why I needed to see a number,
look up `weird error' in the index to The TeXbook.)

! Missing number, treated as zero.
<to be read again> 
                   \unhbox 
l.112 \xeCJKsetcharclass{"2000}{"FFFF}{1}
                                         
A number should have been here; I inserted `0'.
(If you can't figure out why I needed to see a number,
look up `weird error' in the index to The TeXbook.)

! Missing number, treated as zero.
<to be read again> 
                   \unhbox 
l.112 \xeCJKsetcharclass{"2000}{"FFFF}{1}
                                         
A number should have been here; I inserted `0'.
(If you can't figure out why I needed to see a number,
look up `weird error' in the index to The TeXbook.)

! Missing number, treated as zero.
<to be read again> 
                   \unhbox 
l.112 \xeCJKsetcharclass{"2000}{"FFFF}{1}
                                         
A number should have been here; I inserted `0'.
(If you can't figure out why I needed to see a number,
look up `weird error' in the index to The TeXbook.)

! Missing number, treated as zero.
<to be read again> 
                   \penalty 
l.112 \xeCJKsetcharclass{"2000}{"FFFF}{1}
                                         
A number should have been here; I inserted `0'.
(If you can't figure out why I needed to see a number,
look up `weird error' in the index to The TeXbook.)

! Missing number, treated as zero.
<to be read again> 
                   \penalty 
l.112 \xeCJKsetcharclass{"2000}{"FFFF}{1}
                                         
A number should have been here; I inserted `0'.
(If you can't figure out why I needed to see a number,
look up `weird error' in the index to The TeXbook.)

! Missing number, treated as zero.
<to be read again> 
                   \penalty 
l.112 \xeCJKsetcharclass{"2000}{"FFFF}{1}
                                         
A number should have been here; I inserted `0'.
(If you can't figure out why I needed to see a number,
look up `weird error' in the index to The TeXbook.)

! Missing number, treated as zero.
<to be read again> 
                   \penalty 
l.112 \xeCJKsetcharclass{"2000}{"FFFF}{1}
                                         
A number should have been here; I inserted `0'.
(If you can't figure out why I needed to see a number,
look up `weird error' in the index to The TeXbook.)

! Missing number, treated as zero.
<to be read again> 
                   \penalty 
l.112 \xeCJKsetcharclass{"2000}{"FFFF}{1}
                                         
A number should have been here; I inserted `0'.
(If you can't figure out why I needed to see a number,
look up `weird error' in the index to The TeXbook.)

! Missing number, treated as zero.
<to be read again> 
                   \penalty 
l.112 \xeCJKsetcharclass{"2000}{"FFFF}{1}
                                         
A number should have been here; I inserted `0'.
(If you can't figure out why I needed to see a number,
look up `weird error' in the index to The TeXbook.)

! Missing number, treated as zero.
<to be read again> 
                   \penalty 
l.112 \xeCJKsetcharclass{"2000}{"FFFF}{1}
                                         
A number should have been here; I inserted `0'.
(If you can't figure out why I needed to see a number,
look up `weird error' in the index to The TeXbook.)

! Missing number, treated as zero.
<to be read again> 
                   \penalty 
l.112 \xeCJKsetcharclass{"2000}{"FFFF}{1}
                                         
A number should have been here; I inserted `0'.
(If you can't figure out why I needed to see a number,
look up `weird error' in the index to The TeXbook.)

! Missing number, treated as zero.
<to be read again> 
                   \penalty 
l.112 \xeCJKsetcharclass{"2000}{"FFFF}{1}
                                         
A number should have been here; I inserted `0'.
(If you can't figure out why I needed to see a number,
look up `weird error' in the index to The TeXbook.)

! Missing number, treated as zero.
<to be read again> 
                   \unhbox 
l.112 \xeCJKsetcharclass{"2000}{"FFFF}{1}
                                         
A number should have been here; I inserted `0'.
(If you can't figure out why I needed to see a number,
look up `weird error' in the index to The TeXbook.)

! Missing number, treated as zero.
<to be read again> 
                   \unhbox 
l.112 \xeCJKsetcharclass{"2000}{"FFFF}{1}
                                         
A number should have been here; I inserted `0'.
(If you can't figure out why I needed to see a number,
look up `weird error' in the index to The TeXbook.)

! Missing number, treated as zero.
<to be read again> 
                   \unhbox 
l.112 \xeCJKsetcharclass{"2000}{"FFFF}{1}
                                         
A number should have been here; I inserted `0'.
(If you can't figure out why I needed to see a number,
look up `weird error' in the index to The TeXbook.)

! Missing number, treated as zero.
<to be read again> 
                   \unhbox 
l.112 \xeCJKsetcharclass{"2000}{"FFFF}{1}
                                         
A number should have been here; I inserted `0'.
(If you can't figure out why I needed to see a number,
look up `weird error' in the index to The TeXbook.)

! Missing number, treated as zero.
<to be read again> 
                   \penalty 
l.112 \xeCJKsetcharclass{"2000}{"FFFF}{1}
                                         
A number should have been here; I inserted `0'.
(If you can't figure out why I needed to see a number,
look up `weird error' in the index to The TeXbook.)

\xeCJK@cnta=\count171
\xeCJK@cntb=\count172
\xeCJK@cntc=\count173
\xeCJK@cntd=\count174
\xeCJK@cnte=\count175
\xeCJK@dima=\dimen213
LaTeX Info: Redefining \rmfamily on input line 762.
LaTeX Info: Redefining \sffamily on input line 766.
LaTeX Info: Redefining \ttfamily on input line 770.
\xeCJK@featureadded=\count176
! Missing number, treated as zero.
<to be read again> 
                   \penalty 
l.1040 \catcode "F
                  EFF=9\relax
A number should have been here; I inserted `0'.
(If you can't figure out why I needed to see a number,
look up `weird error' in the index to The TeXbook.)

! Missing number, treated as zero.
<to be read again> 
                   \penalty 
l.1040 \catcode "F
                  EFF=9\relax
A number should have been here; I inserted `0'.
(If you can't figure out why I needed to see a number,
look up `weird error' in the index to The TeXbook.)

)
! Font \zf@basefont= not loadable: Metric (TFM) file or installed font not foun
d.
<to be read again> 
                   \errhelp 
l.76 \setCJKmainfont{SimSun}
                            
I wasn't able to read the size data for this font,
so I will ignore the font specification.
[Wizards can fix TFM files using TFtoPL/PLtoTF.]
You might try inserting a different font spec;
e.g., type `I\font<same font id>=<substitute font name>'.

! german: The command "\zf@font@wrap is undefined.
\grmn@dq@error ...and \dq \string #1 is undefined}
                                                  
l.76 \setCJKmainfont{SimSun}
                            
Use `` for a simple double quote character.

! Undefined control sequence.
\zf@set@font@type ...onttype \zf@basefont \zf@tfm 
                                                  \or \zf@atsuitrue \ifnum \...
l.76 \setCJKmainfont{SimSun}
                            
The control sequence at the end of the top line
of your error message was never \def'ed. If you have
misspelled it (e.g., `\hobx'), type `I' and the correct
spelling (e.g., `I\hbox'). Otherwise just continue,
and I'll forget about whatever was undefined.

! Font \zf@basefont= not loadable: Metric (TFM) file or installed font not foun
d.
<to be read again> 
                   \errhelp 
l.76 \setCJKmainfont{SimSun}
                            
I wasn't able to read the size data for this font,
so I will ignore the font specification.
[Wizards can fix TFM files using TFtoPL/PLtoTF.]
You might try inserting a different font spec;
e.g., type `I\font<same font id>=<substitute font name>'.

! german: The command "\zf@font@wrap is undefined.
\grmn@dq@error ...and \dq \string #1 is undefined}
                                                  
l.76 \setCJKmainfont{SimSun}
                            
Use `` for a simple double quote character.

\c@zf@famc@SimSun=\count177
Package fontspec Info: Defining font family for 'SimSun'with options [] on inpu
t line 76.
! Font \@tempfontb=SimSun at 10.0pt not loadable: Metric (TFM) file or installe
d font not found.
\\zf@make@font@shapes ...f@suffix " at \f@size pt 
                                                  \edef \@tempb {\fontname \...
l.76 \setCJKmainfont{SimSun}
                            
I wasn't able to read the size data for this font,
so I will ignore the font specification.
[Wizards can fix TFM files using TFtoPL/PLtoTF.]
You might try inserting a different font spec;
e.g., type `I\font<same font id>=<substitute font name>'.

! Font \@tempfonta=SimSun at 10.0pt not loadable: Metric (TFM) file or installe
d font not found.
\\zf@make@font@shapes ...f@suffix " at \f@size pt 
                                                  \edef \@tempa {\fontname \...
l.76 \setCJKmainfont{SimSun}
                            
I wasn't able to read the size data for this font,
so I will ignore the font specification.
[Wizards can fix TFM files using TFtoPL/PLtoTF.]
You might try inserting a different font spec;
e.g., type `I\font<same font id>=<substitute font name>'.

! Font \@tempfontb=SimSun/B at 10.0pt not loadable: Metric (TFM) file or instal
led font not found.
\\zf@make@font@shapes ...f@suffix " at \f@size pt 
                                                  \edef \@tempb {\fontname \...
l.76 \setCJKmainfont{SimSun}
                            
I wasn't able to read the size data for this font,
so I will ignore the font specification.
[Wizards can fix TFM files using TFtoPL/PLtoTF.]
You might try inserting a different font spec;
e.g., type `I\font<same font id>=<substitute font name>'.

Package fontspec Info: Could not resolve font SimSun/B (it might not exist) on 
input line 76.
! Font \@tempfonta=SimSun at 10.0pt not loadable: Metric (TFM) file or installe
d font not found.
\\zf@make@font@shapes ...f@suffix " at \f@size pt 
                                                  \edef \@tempa {\fontname \...
l.76 \setCJKmainfont{SimSun}
                            
I wasn't able to read the size data for this font,
so I will ignore the font specification.
[Wizards can fix TFM files using TFtoPL/PLtoTF.]
You might try inserting a different font spec;
e.g., type `I\font<same font id>=<substitute font name>'.

! Font \@tempfontb=SimSun/I at 10.0pt not loadable: Metric (TFM) file or instal
led font not found.
\\zf@make@font@shapes ...f@suffix " at \f@size pt 
                                                  \edef \@tempb {\fontname \...
l.76 \setCJKmainfont{SimSun}
                            
I wasn't able to read the size data for this font,
so I will ignore the font specification.
[Wizards can fix TFM files using TFtoPL/PLtoTF.]
You might try inserting a different font spec;
e.g., type `I\font<same font id>=<substitute font name>'.

Package fontspec Info: Could not resolve font SimSun/I (it might not exist) on 
input line 76.
! Font \@tempfonta=SimSun at 10.0pt not loadable: Metric (TFM) file or installe
d font not found.
\\zf@make@font@shapes ...f@suffix " at \f@size pt 
                                                  \edef \@tempa {\fontname \...
l.76 \setCJKmainfont{SimSun}
                            
I wasn't able to read the size data for this font,
so I will ignore the font specification.
[Wizards can fix TFM files using TFtoPL/PLtoTF.]
You might try inserting a different font spec;
e.g., type `I\font<same font id>=<substitute font name>'.

! Font \@tempfontb=SimSun/BI at 10.0pt not loadable: Metric (TFM) file or insta
lled font not found.
\\zf@make@font@shapes ...f@suffix " at \f@size pt 
                                                  \edef \@tempb {\fontname \...
l.76 \setCJKmainfont{SimSun}
                            
I wasn't able to read the size data for this font,
so I will ignore the font specification.
[Wizards can fix TFM files using TFtoPL/PLtoTF.]
You might try inserting a different font spec;
e.g., type `I\font<same font id>=<substitute font name>'.

Package fontspec Info: Could not resolve font SimSun/BI (it might not exist) on
 input line 76.
LaTeX Info: Redefining \xeCJK@font@rm on input line 76.
! Font \zf@basefont="XB Niloofar/ICU" at 10.0pt not loadable: Metric (TFM) file
 or installed font not found.
\zf@preparse@Script ...\zf@suffix " at \f@size pt 
                                                  \edef \zf@family@long {\zf...
l.80 ...mily\Parsifont[Script=Arabic]{XB Niloofar}
                                                  
I wasn't able to read the size data for this font,
so I will ignore the font specification.
[Wizards can fix TFM files using TFtoPL/PLtoTF.]
You might try inserting a different font spec;
e.g., type `I\font<same font id>=<substitute font name>'.


Package fontspec Warning: 
    Font nullfont does not contain script 'Arabic'
This warning occured on input line 80.

! Font \zf@basefont= not loadable: Metric (TFM) file or installed font not foun
d.
<to be read again> 
                   \errhelp 
l.80 ...mily\Parsifont[Script=Arabic]{XB Niloofar}
                                                  
I wasn't able to read the size data for this font,
so I will ignore the font specification.
[Wizards can fix TFM files using TFtoPL/PLtoTF.]
You might try inserting a different font spec;
e.g., type `I\font<same font id>=<substitute font name>'.

! german: The command "\zf@font@wrap is undefined.
\grmn@dq@error ...and \dq \string #1 is undefined}
                                                  
l.80 ...mily\Parsifont[Script=Arabic]{XB Niloofar}
                                                  
Use `` for a simple double quote character.


! LaTeX Error: Missing \begin{document}.

See the LaTeX manual or LaTeX Companion for explanation.
Type  H <return>  for immediate help.
 ...                                              
                                                  
l.80 ...mily\Parsifont[Script=Arabic]{XB Niloofar}
                                                  
You're in trouble here.  Try typing  <return>  to proceed.
If that doesn't work, type  X <return>  to quit.

\c@zf@famc@XB Niloofar=\count178
Package fontspec Info: Defining font family for 'XB Niloofar'with options [Scri
pt=Arabic] on input line 80.
! Font \@tempfontb="XB Niloofar/ICU" at 10.0pt not loadable: Metric (TFM) file 
or installed font not found.
\\zf@make@font@shapes ...f@suffix " at \f@size pt 
                                                  \edef \@tempb {\fontname \...
l.80 ...mily\Parsifont[Script=Arabic]{XB Niloofar}
                                                  
I wasn't able to read the size data for this font,
so I will ignore the font specification.
[Wizards can fix TFM files using TFtoPL/PLtoTF.]
You might try inserting a different font spec;
e.g., type `I\font<same font id>=<substitute font name>'.

! Cannot use \XeTeXOTcountfeatures with nullfont; not an OpenType Layout font.
\zf@check@ot@feat ...OTcountfeatures \zf@basefont 
                                                  \c@zf@script \c@zf@languag...
l.80 ...mily\Parsifont[Script=Arabic]{XB Niloofar}
                                                  

! Cannot use \XeTeXOTfeaturetag with nullfont; not an OpenType Layout font.
\iterate ...ifnum \XeTeXOTfeaturetag \zf@basefont 
                                                  \c@zf@script \c@zf@languag...
l.80 ...mily\Parsifont[Script=Arabic]{XB Niloofar}
                                                  

! Missing = inserted for \ifnum.
<to be read again> 
                   \c@zf@script 
l.80 ...mily\Parsifont[Script=Arabic]{XB Niloofar}
                                                  
I was expecting to see `<', `=', or `>'. Didn't.

! Cannot use \XeTeXOTfeaturetag with nullfont; not an OpenType Layout font.
\iterate ...ifnum \XeTeXOTfeaturetag \zf@basefont 
                                                  \c@zf@script \c@zf@languag...
l.80 ...mily\Parsifont[Script=Arabic]{XB Niloofar}
                                                  

! Missing = inserted for \ifnum.
<to be read again> 
                   \c@zf@script 
l.80 ...mily\Parsifont[Script=Arabic]{XB Niloofar}
                                                  
I was expecting to see `<', `=', or `>'. Didn't.

! Cannot use \XeTeXOTfeaturetag with nullfont; not an OpenType Layout font.
\iterate ...ifnum \XeTeXOTfeaturetag \zf@basefont 
                                                  \c@zf@script \c@zf@languag...
l.80 ...mily\Parsifont[Script=Arabic]{XB Niloofar}
                                                  

! Missing = inserted for \ifnum.
<to be read again> 
                   \c@zf@script 
l.80 ...mily\Parsifont[Script=Arabic]{XB Niloofar}
                                                  
I was expecting to see `<', `=', or `>'. Didn't.

! Cannot use \XeTeXOTfeaturetag with nullfont; not an OpenType Layout font.
\iterate ...ifnum \XeTeXOTfeaturetag \zf@basefont 
                                                  \c@zf@script \c@zf@languag...
l.80 ...mily\Parsifont[Script=Arabic]{XB Niloofar}
                                                  

! Missing = inserted for \ifnum.
<to be read again> 
                   \c@zf@script 
l.80 ...mily\Parsifont[Script=Arabic]{XB Niloofar}
                                                  
I was expecting to see `<', `=', or `>'. Didn't.

! Cannot use \XeTeXOTfeaturetag with nullfont; not an OpenType Layout font.
\iterate ...ifnum \XeTeXOTfeaturetag \zf@basefont 
                                                  \c@zf@script \c@zf@languag...
l.80 ...mily\Parsifont[Script=Arabic]{XB Niloofar}
                                                  

! Missing = inserted for \ifnum.
<to be read again> 
                   \c@zf@script 
l.80 ...mily\Parsifont[Script=Arabic]{XB Niloofar}
                                                  
I was expecting to see `<', `=', or `>'. Didn't.

! Cannot use \XeTeXOTfeaturetag with nullfont; not an OpenType Layout font.
\iterate ...ifnum \XeTeXOTfeaturetag \zf@basefont 
                                                  \c@zf@script \c@zf@languag...
l.80 ...mily\Parsifont[Script=Arabic]{XB Niloofar}
                                                  

! Missing = inserted for \ifnum.
<to be read again> 
                   \c@zf@script 
l.80 ...mily\Parsifont[Script=Arabic]{XB Niloofar}
                                                  
I was expecting to see `<', `=', or `>'. Didn't.

! Cannot use \XeTeXOTfeaturetag with nullfont; not an OpenType Layout font.
\iterate ...ifnum \XeTeXOTfeaturetag \zf@basefont 
                                                  \c@zf@script \c@zf@languag...
l.80 ...mily\Parsifont[Script=Arabic]{XB Niloofar}
                                                  

! Missing = inserted for \ifnum.
<to be read again> 
                   \c@zf@script 
l.80 ...mily\Parsifont[Script=Arabic]{XB Niloofar}
                                                  
I was expecting to see `<', `=', or `>'. Didn't.

! Cannot use \XeTeXOTfeaturetag with nullfont; not an OpenType Layout font.
\iterate ...ifnum \XeTeXOTfeaturetag \zf@basefont 
                                                  \c@zf@script \c@zf@languag...
l.80 ...mily\Parsifont[Script=Arabic]{XB Niloofar}
                                                  

! Missing = inserted for \ifnum.
<to be read again> 
                   \c@zf@script 
l.80 ...mily\Parsifont[Script=Arabic]{XB Niloofar}
                                                  
I was expecting to see `<', `=', or `>'. Didn't.

! Cannot use \XeTeXOTfeaturetag with nullfont; not an OpenType Layout font.
\iterate ...ifnum \XeTeXOTfeaturetag \zf@basefont 
                                                  \c@zf@script \c@zf@languag...
l.80 ...mily\Parsifont[Script=Arabic]{XB Niloofar}
                                                  

! Missing = inserted for \ifnum.
<to be read again> 
                   \c@zf@script 
l.80 ...mily\Parsifont[Script=Arabic]{XB Niloofar}
                                                  
I was expecting to see `<', `=', or `>'. Didn't.

! Cannot use \XeTeXOTfeaturetag with nullfont; not an OpenType Layout font.
\iterate ...ifnum \XeTeXOTfeaturetag \zf@basefont 
                                                  \c@zf@script \c@zf@languag...
l.80 ...mily\Parsifont[Script=Arabic]{XB Niloofar}
                                                  

! Missing = inserted for \ifnum.
<to be read again> 
                   \c@zf@script 
l.80 ...mily\Parsifont[Script=Arabic]{XB Niloofar}
                                                  
I was expecting to see `<', `=', or `>'. Didn't.

! Cannot use \XeTeXOTfeaturetag with nullfont; not an OpenType Layout font.
\iterate ...ifnum \XeTeXOTfeaturetag \zf@basefont 
                                                  \c@zf@script \c@zf@languag...
l.80 ...mily\Parsifont[Script=Arabic]{XB Niloofar}
                                                  

! Missing = inserted for \ifnum.
<to be read again> 
                   \c@zf@script 
l.80 ...mily\Parsifont[Script=Arabic]{XB Niloofar}
                                                  
I was expecting to see `<', `=', or `>'. Didn't.

! Cannot use \XeTeXOTfeaturetag with nullfont; not an OpenType Layout font.
\iterate ...ifnum \XeTeXOTfeaturetag \zf@basefont 
                                                  \c@zf@script \c@zf@languag...
l.80 ...mily\Parsifont[Script=Arabic]{XB Niloofar}
                                                  

! Missing = inserted for \ifnum.
<to be read again> 
                   \c@zf@script 
l.80 ...mily\Parsifont[Script=Arabic]{XB Niloofar}
                                                  
I was expecting to see `<', `=', or `>'. Didn't.

! Cannot use \XeTeXOTfeaturetag with nullfont; not an OpenType Layout font.
\iterate ...ifnum \XeTeXOTfeaturetag \zf@basefont 
                                                  \c@zf@script \c@zf@languag...
l.80 ...mily\Parsifont[Script=Arabic]{XB Niloofar}
                                                  

! Missing = inserted for \ifnum.
<to be read again> 
                   \c@zf@script 
l.80 ...mily\Parsifont[Script=Arabic]{XB Niloofar}
                                                  
I was expecting to see `<', `=', or `>'. Didn't.

! Cannot use \XeTeXOTfeaturetag with nullfont; not an OpenType Layout font.
\iterate ...ifnum \XeTeXOTfeaturetag \zf@basefont 
                                                  \c@zf@script \c@zf@languag...
l.80 ...mily\Parsifont[Script=Arabic]{XB Niloofar}
                                                  

! Missing = inserted for \ifnum.
<to be read again> 
                   \c@zf@script 
l.80 ...mily\Parsifont[Script=Arabic]{XB Niloofar}
                                                  
I was expecting to see `<', `=', or `>'. Didn't.

! Cannot use \XeTeXOTfeaturetag with nullfont; not an OpenType Layout font.
\iterate ...ifnum \XeTeXOTfeaturetag \zf@basefont 
                                                  \c@zf@script \c@zf@languag...
l.80 ...mily\Parsifont[Script=Arabic]{XB Niloofar}
                                                  

! Missing = inserted for \ifnum.
<to be read again> 
                   \c@zf@script 
l.80 ...mily\Parsifont[Script=Arabic]{XB Niloofar}
                                                  
I was expecting to see `<', `=', or `>'. Didn't.

! Cannot use \XeTeXOTfeaturetag with nullfont; not an OpenType Layout font.
\iterate ...ifnum \XeTeXOTfeaturetag \zf@basefont 
                                                  \c@zf@script \c@zf@languag...
l.80 ...mily\Parsifont[Script=Arabic]{XB Niloofar}
                                                  

! Missing = inserted for \ifnum.
<to be read again> 
                   \c@zf@script 
l.80 ...mily\Parsifont[Script=Arabic]{XB Niloofar}
                                                  
I was expecting to see `<', `=', or `>'. Didn't.

! Cannot use \XeTeXOTfeaturetag with nullfont; not an OpenType Layout font.
\iterate ...ifnum \XeTeXOTfeaturetag \zf@basefont 
                                                  \c@zf@script \c@zf@languag...
l.80 ...mily\Parsifont[Script=Arabic]{XB Niloofar}
                                                  

! Missing = inserted for \ifnum.
<to be read again> 
                   \c@zf@script 
l.80 ...mily\Parsifont[Script=Arabic]{XB Niloofar}
                                                  
I was expecting to see `<', `=', or `>'. Didn't.

! Cannot use \XeTeXOTfeaturetag with nullfont; not an OpenType Layout font.
\iterate ...ifnum \XeTeXOTfeaturetag \zf@basefont 
                                                  \c@zf@script \c@zf@languag...
l.80 ...mily\Parsifont[Script=Arabic]{XB Niloofar}
                                                  

! Missing = inserted for \ifnum.
<to be read again> 
                   \c@zf@script 
l.80 ...mily\Parsifont[Script=Arabic]{XB Niloofar}
                                                  
I was expecting to see `<', `=', or `>'. Didn't.

! Cannot use \XeTeXOTfeaturetag with nullfont; not an OpenType Layout font.
\iterate ...ifnum \XeTeXOTfeaturetag \zf@basefont 
                                                  \c@zf@script \c@zf@languag...
l.80 ...mily\Parsifont[Script=Arabic]{XB Niloofar}
                                                  

! Missing = inserted for \ifnum.
<to be read again> 
                   \c@zf@script 
l.80 ...mily\Parsifont[Script=Arabic]{XB Niloofar}
                                                  
I was expecting to see `<', `=', or `>'. Didn't.

! Cannot use \XeTeXOTfeaturetag with nullfont; not an OpenType Layout font.
\iterate ...ifnum \XeTeXOTfeaturetag \zf@basefont 
                                                  \c@zf@script \c@zf@languag...
l.80 ...mily\Parsifont[Script=Arabic]{XB Niloofar}
                                                  

! Missing = inserted for \ifnum.
<to be read again> 
                   \c@zf@script 
l.80 ...mily\Parsifont[Script=Arabic]{XB Niloofar}
                                                  
I was expecting to see `<', `=', or `>'. Didn't.

! Cannot use \XeTeXOTfeaturetag with nullfont; not an OpenType Layout font.
\iterate ...ifnum \XeTeXOTfeaturetag \zf@basefont 
                                                  \c@zf@script \c@zf@languag...
l.80 ...mily\Parsifont[Script=Arabic]{XB Niloofar}
                                                  

! Missing = inserted for \ifnum.
<to be read again> 
                   \c@zf@script 
l.80 ...mily\Parsifont[Script=Arabic]{XB Niloofar}
                                                  
I was expecting to see `<', `=', or `>'. Didn't.

! Cannot use \XeTeXOTfeaturetag with nullfont; not an OpenType Layout font.
\iterate ...ifnum \XeTeXOTfeaturetag \zf@basefont 
                                                  \c@zf@script \c@zf@languag...
l.80 ...mily\Parsifont[Script=Arabic]{XB Niloofar}
                                                  

! Missing = inserted for \ifnum.
<to be read again> 
                   \c@zf@script 
l.80 ...mily\Parsifont[Script=Arabic]{XB Niloofar}
                                                  
I was expecting to see `<', `=', or `>'. Didn't.

! Cannot use \XeTeXOTfeaturetag with nullfont; not an OpenType Layout font.
\iterate ...ifnum \XeTeXOTfeaturetag \zf@basefont 
                                                  \c@zf@script \c@zf@languag...
l.80 ...mily\Parsifont[Script=Arabic]{XB Niloofar}
                                                  

! Missing = inserted for \ifnum.
<to be read again> 
                   \c@zf@script 
l.80 ...mily\Parsifont[Script=Arabic]{XB Niloofar}
                                                  
I was expecting to see `<', `=', or `>'. Didn't.

! Cannot use \XeTeXOTfeaturetag with nullfont; not an OpenType Layout font.
\iterate ...ifnum \XeTeXOTfeaturetag \zf@basefont 
                                                  \c@zf@script \c@zf@languag...
l.80 ...mily\Parsifont[Script=Arabic]{XB Niloofar}
                                                  

! Missing = inserted for \ifnum.
<to be read again> 
                   \c@zf@script 
l.80 ...mily\Parsifont[Script=Arabic]{XB Niloofar}
                                                  
I was expecting to see `<', `=', or `>'. Didn't.

! Cannot use \XeTeXOTfeaturetag with nullfont; not an OpenType Layout font.
\iterate ...ifnum \XeTeXOTfeaturetag \zf@basefont 
                                                  \c@zf@script \c@zf@languag...
l.80 ...mily\Parsifont[Script=Arabic]{XB Niloofar}
                                                  

! Missing = inserted for \ifnum.
<to be read again> 
                   \c@zf@script 
l.80 ...mily\Parsifont[Script=Arabic]{XB Niloofar}
                                                  
I was expecting to see `<', `=', or `>'. Didn't.

! Cannot use \XeTeXOTfeaturetag with nullfont; not an OpenType Layout font.
\iterate ...ifnum \XeTeXOTfeaturetag \zf@basefont 
                                                  \c@zf@script \c@zf@languag...
l.80 ...mily\Parsifont[Script=Arabic]{XB Niloofar}
                                                  

! Missing = inserted for \ifnum.
<to be read again> 
                   \c@zf@script 
l.80 ...mily\Parsifont[Script=Arabic]{XB Niloofar}
                                                  
I was expecting to see `<', `=', or `>'. Didn't.

! Cannot use \XeTeXOTfeaturetag with nullfont; not an OpenType Layout font.
\iterate ...ifnum \XeTeXOTfeaturetag \zf@basefont 
                                                  \c@zf@script \c@zf@languag...
l.80 ...mily\Parsifont[Script=Arabic]{XB Niloofar}
                                                  

! Missing = inserted for \ifnum.
<to be read again> 
                   \c@zf@script 
l.80 ...mily\Parsifont[Script=Arabic]{XB Niloofar}
                                                  
I was expecting to see `<', `=', or `>'. Didn't.

! Cannot use \XeTeXOTfeaturetag with nullfont; not an OpenType Layout font.
\iterate ...ifnum \XeTeXOTfeaturetag \zf@basefont 
                                                  \c@zf@script \c@zf@languag...
l.80 ...mily\Parsifont[Script=Arabic]{XB Niloofar}
                                                  

! Missing = inserted for \ifnum.
<to be read again> 
                   \c@zf@script 
l.80 ...mily\Parsifont[Script=Arabic]{XB Niloofar}
                                                  
I was expecting to see `<', `=', or `>'. Didn't.

! Cannot use \XeTeXOTfeaturetag with nullfont; not an OpenType Layout font.
\iterate ...ifnum \XeTeXOTfeaturetag \zf@basefont 
                                                  \c@zf@script \c@zf@languag...
l.80 ...mily\Parsifont[Script=Arabic]{XB Niloofar}
                                                  

! Missing = inserted for \ifnum.
<to be read again> 
                   \c@zf@script 
l.80 ...mily\Parsifont[Script=Arabic]{XB Niloofar}
                                                  
I was expecting to see `<', `=', or `>'. Didn't.

! Cannot use \XeTeXOTfeaturetag with nullfont; not an OpenType Layout font.
\iterate ...ifnum \XeTeXOTfeaturetag \zf@basefont 
                                                  \c@zf@script \c@zf@languag...
l.80 ...mily\Parsifont[Script=Arabic]{XB Niloofar}
                                                  

! Missing = inserted for \ifnum.
<to be read again> 
                   \c@zf@script 
l.80 ...mily\Parsifont[Script=Arabic]{XB Niloofar}
                                                  
I was expecting to see `<', `=', or `>'. Didn't.

! Cannot use \XeTeXOTfeaturetag with nullfont; not an OpenType Layout font.
\iterate ...ifnum \XeTeXOTfeaturetag \zf@basefont 
                                                  \c@zf@script \c@zf@languag...
l.80 ...mily\Parsifont[Script=Arabic]{XB Niloofar}
                                                  

! Missing = inserted for \ifnum.
<to be read again> 
                   \c@zf@script 
l.80 ...mily\Parsifont[Script=Arabic]{XB Niloofar}
                                                  
I was expecting to see `<', `=', or `>'. Didn't.

! Cannot use \XeTeXOTfeaturetag with nullfont; not an OpenType Layout font.
\iterate ...ifnum \XeTeXOTfeaturetag \zf@basefont 
                                                  \c@zf@script \c@zf@languag...
l.80 ...mily\Parsifont[Script=Arabic]{XB Niloofar}
                                                  

! Missing = inserted for \ifnum.
<to be read again> 
                   \c@zf@script 
l.80 ...mily\Parsifont[Script=Arabic]{XB Niloofar}
                                                  
I was expecting to see `<', `=', or `>'. Didn't.

! Cannot use \XeTeXOTfeaturetag with nullfont; not an OpenType Layout font.
\iterate ...ifnum \XeTeXOTfeaturetag \zf@basefont 
                                                  \c@zf@script \c@zf@languag...
l.80 ...mily\Parsifont[Script=Arabic]{XB Niloofar}
                                                  

! Missing = inserted for \ifnum.
<to be read again> 
                   \c@zf@script 
l.80 ...mily\Parsifont[Script=Arabic]{XB Niloofar}
                                                  
I was expecting to see `<', `=', or `>'. Didn't.

! Cannot use \XeTeXOTfeaturetag with nullfont; not an OpenType Layout font.
\iterate ...ifnum \XeTeXOTfeaturetag \zf@basefont 
                                                  \c@zf@script \c@zf@languag...
l.80 ...mily\Parsifont[Script=Arabic]{XB Niloofar}
                                                  

! Missing = inserted for \ifnum.
<to be read again> 
                   \c@zf@script 
l.80 ...mily\Parsifont[Script=Arabic]{XB Niloofar}
                                                  
I was expecting to see `<', `=', or `>'. Didn't.

! Cannot use \XeTeXOTfeaturetag with nullfont; not an OpenType Layout font.
\iterate ...ifnum \XeTeXOTfeaturetag \zf@basefont 
                                                  \c@zf@script \c@zf@languag...
l.80 ...mily\Parsifont[Script=Arabic]{XB Niloofar}
                                                  

! Missing = inserted for \ifnum.
<to be read again> 
                   \c@zf@script 
l.80 ...mily\Parsifont[Script=Arabic]{XB Niloofar}
                                                  
I was expecting to see `<', `=', or `>'. Didn't.

! Cannot use \XeTeXOTfeaturetag with nullfont; not an OpenType Layout font.
\iterate ...ifnum \XeTeXOTfeaturetag \zf@basefont 
                                                  \c@zf@script \c@zf@languag...
l.80 ...mily\Parsifont[Script=Arabic]{XB Niloofar}
                                                  

! Missing = inserted for \ifnum.
<to be read again> 
                   \c@zf@script 
l.80 ...mily\Parsifont[Script=Arabic]{XB Niloofar}
                                                  
I was expecting to see `<', `=', or `>'. Didn't.

! Cannot use \XeTeXOTfeaturetag with nullfont; not an OpenType Layout font.
\iterate ...ifnum \XeTeXOTfeaturetag \zf@basefont 
                                                  \c@zf@script \c@zf@languag...
l.80 ...mily\Parsifont[Script=Arabic]{XB Niloofar}
                                                  

! Missing = inserted for \ifnum.
<to be read again> 
                   \c@zf@script 
l.80 ...mily\Parsifont[Script=Arabic]{XB Niloofar}
                                                  
I was expecting to see `<', `=', or `>'. Didn't.

! Cannot use \XeTeXOTfeaturetag with nullfont; not an OpenType Layout font.
\iterate ...ifnum \XeTeXOTfeaturetag \zf@basefont 
                                                  \c@zf@script \c@zf@languag...
l.80 ...mily\Parsifont[Script=Arabic]{XB Niloofar}
                                                  

! Missing = inserted for \ifnum.
<to be read again> 
                   \c@zf@script 
l.80 ...mily\Parsifont[Script=Arabic]{XB Niloofar}
                                                  
I was expecting to see `<', `=', or `>'. Didn't.

! Cannot use \XeTeXOTfeaturetag with nullfont; not an OpenType Layout font.
\iterate ...ifnum \XeTeXOTfeaturetag \zf@basefont 
                                                  \c@zf@script \c@zf@languag...
l.80 ...mily\Parsifont[Script=Arabic]{XB Niloofar}
                                                  

! Missing = inserted for \ifnum.
<to be read again> 
                   \c@zf@script 
l.80 ...mily\Parsifont[Script=Arabic]{XB Niloofar}
                                                  
I was expecting to see `<', `=', or `>'. Didn't.

! Cannot use \XeTeXOTfeaturetag with nullfont; not an OpenType Layout font.
\iterate ...ifnum \XeTeXOTfeaturetag \zf@basefont 
                                                  \c@zf@script \c@zf@languag...
l.80 ...mily\Parsifont[Script=Arabic]{XB Niloofar}
                                                  

! Missing = inserted for \ifnum.
<to be read again> 
                   \c@zf@script 
l.80 ...mily\Parsifont[Script=Arabic]{XB Niloofar}
                                                  
I was expecting to see `<', `=', or `>'. Didn't.

! Cannot use \XeTeXOTfeaturetag with nullfont; not an OpenType Layout font.
\iterate ...ifnum \XeTeXOTfeaturetag \zf@basefont 
                                                  \c@zf@script \c@zf@languag...
l.80 ...mily\Parsifont[Script=Arabic]{XB Niloofar}
                                                  

! Missing = inserted for \ifnum.
<to be read again> 
                   \c@zf@script 
l.80 ...mily\Parsifont[Script=Arabic]{XB Niloofar}
                                                  
I was expecting to see `<', `=', or `>'. Didn't.

! Cannot use \XeTeXOTfeaturetag with nullfont; not an OpenType Layout font.
\iterate ...ifnum \XeTeXOTfeaturetag \zf@basefont 
                                                  \c@zf@script \c@zf@languag...
l.80 ...mily\Parsifont[Script=Arabic]{XB Niloofar}
                                                  

! Missing = inserted for \ifnum.
<to be read again> 
                   \c@zf@script 
l.80 ...mily\Parsifont[Script=Arabic]{XB Niloofar}
                                                  
I was expecting to see `<', `=', or `>'. Didn't.

! Cannot use \XeTeXOTfeaturetag with nullfont; not an OpenType Layout font.
\iterate ...ifnum \XeTeXOTfeaturetag \zf@basefont 
                                                  \c@zf@script \c@zf@languag...
l.80 ...mily\Parsifont[Script=Arabic]{XB Niloofar}
                                                  

! Missing = inserted for \ifnum.
<to be read again> 
                   \c@zf@script 
l.80 ...mily\Parsifont[Script=Arabic]{XB Niloofar}
                                                  
I was expecting to see `<', `=', or `>'. Didn't.

! Cannot use \XeTeXOTfeaturetag with nullfont; not an OpenType Layout font.
\iterate ...ifnum \XeTeXOTfeaturetag \zf@basefont 
                                                  \c@zf@script \c@zf@languag...
l.80 ...mily\Parsifont[Script=Arabic]{XB Niloofar}
                                                  

! Missing = inserted for \ifnum.
<to be read again> 
                   \c@zf@script 
l.80 ...mily\Parsifont[Script=Arabic]{XB Niloofar}
                                                  
I was expecting to see `<', `=', or `>'. Didn't.

! Cannot use \XeTeXOTfeaturetag with nullfont; not an OpenType Layout font.
\iterate ...ifnum \XeTeXOTfeaturetag \zf@basefont 
                                                  \c@zf@script \c@zf@languag...
l.80 ...mily\Parsifont[Script=Arabic]{XB Niloofar}
                                                  

! Missing = inserted for \ifnum.
<to be read again> 
                   \c@zf@script 
l.80 ...mily\Parsifont[Script=Arabic]{XB Niloofar}
                                                  
I was expecting to see `<', `=', or `>'. Didn't.

! Cannot use \XeTeXOTfeaturetag with nullfont; not an OpenType Layout font.
\iterate ...ifnum \XeTeXOTfeaturetag \zf@basefont 
                                                  \c@zf@script \c@zf@languag...
l.80 ...mily\Parsifont[Script=Arabic]{XB Niloofar}
                                                  

! Missing = inserted for \ifnum.
<to be read again> 
                   \c@zf@script 
l.80 ...mily\Parsifont[Script=Arabic]{XB Niloofar}
                                                  
I was expecting to see `<', `=', or `>'. Didn't.

! Cannot use \XeTeXOTfeaturetag with nullfont; not an OpenType Layout font.
\iterate ...ifnum \XeTeXOTfeaturetag \zf@basefont 
                                                  \c@zf@script \c@zf@languag...
l.80 ...mily\Parsifont[Script=Arabic]{XB Niloofar}
                                                  

! Missing = inserted for \ifnum.
<to be read again> 
                   \c@zf@script 
l.80 ...mily\Parsifont[Script=Arabic]{XB Niloofar}
                                                  
(That makes 100 errors; please try again.) 
Here is how much of TeX's memory you used:
 19574 strings out of 495683
 318194 string characters out of 1187626
 475064 words of memory out of 3000000
 22307 multiletter control sequences out of 15000+50000
 7581 words of font info for 19 fonts, out of 3000000 for 9000
 28 hyphenation exceptions out of 8191
 60i,1n,68p,861b,239s stack positions out of 5000i,500n,10000p,200000b,50000s

No pages of output.
