\BOOKMARK [1][-]{section.0.1}{1\040langsci-gb4e}{}% 1
\BOOKMARK [2][-]{subsection.0.1.1}{1.1\040Environemnts\040and\040syntactic\040sugar}{section.0.1}% 2
\BOOKMARK [2][-]{subsection.0.1.2}{1.2\040Glosses}{section.0.1}% 3
\BOOKMARK [2][-]{subsection.0.1.3}{1.3\040Footnotes}{section.0.1}% 4
\BOOKMARK [2][-]{subsection.0.1.4}{1.4\040Metadata}{section.0.1}% 5
\BOOKMARK [2][-]{subsection.0.1.5}{1.5\040Boxing}{section.0.1}% 6
\BOOKMARK [2][-]{subsection.0.1.6}{1.6\040Jambox}{section.0.1}% 7
\BOOKMARK [2][-]{subsection.0.1.7}{1.7\040XPs}{section.0.1}% 8
\BOOKMARK [2][-]{subsection.0.1.8}{1.8\040Styles\040for\040source\040line}{section.0.1}% 9
\BOOKMARK [1][-]{section.0.2}{2\040AVM}{}% 10
\BOOKMARK [1][-]{section.0.3}{3\040Trees}{}% 11
\BOOKMARK [1][-]{section.0.4}{4\040Fonts}{}% 12
\BOOKMARK [1][-]{section.0.5}{5\040Tables}{}% 13
\BOOKMARK [1][-]{section.0.6}{6\040Crossrefs}{}% 14
\BOOKMARK [1][-]{section.0.7}{7\040Bibliography}{}% 15
\BOOKMARK [2][-]{subsection.0.7.1}{7.1\040Plain}{section.0.7}% 16
\BOOKMARK [2][-]{subsection.0.7.2}{7.2\040Pages}{section.0.7}% 17
\BOOKMARK [2][-]{subsection.0.7.3}{7.3\040Two\040arguments}{section.0.7}% 18
\BOOKMARK [2][-]{subsection.0.7.4}{7.4\040Same\040author}{section.0.7}% 19
\BOOKMARK [2][-]{subsection.0.7.5}{7.5\040AAB}{section.0.7}% 20
\BOOKMARK [2][-]{subsection.0.7.6}{7.6\040ABA}{section.0.7}% 21
\BOOKMARK [2][-]{subsection.0.7.7}{7.7\040AAA}{section.0.7}% 22
\BOOKMARK [2][-]{subsection.0.7.8}{7.8\040AABA}{section.0.7}% 23
\BOOKMARK [1][-]{section.0.8}{8\040Ordering\040of\040names\040with\040diacritics}{}% 24
\BOOKMARK [1][-]{section.0.9}{9\040Intonation}{}% 25
\BOOKMARK [0][-]{section*.2}{Index}{}% 26
\BOOKMARK [1][-]{section*.3}{Name\040index}{section*.2}% 27
\BOOKMARK [1][-]{section*.4}{Language\040index}{section*.2}% 28
\BOOKMARK [1][-]{section*.5}{Subject\040index}{section*.2}% 29
